<?xml version="1.0" encoding="UTF-8"?>
<!-- Generated by org.testng.reporters.JUnitXMLReporter -->
<testsuite ignored="0" hostname="LAPTOP-60OOO3EL" failures="0" tests="3" name="SubmitOrderTest" time="84.609" errors="0" timestamp="2024-08-14T20:12:51 PDT">
  <testcase classname="rahulshettyacademy.tests.SubmitOrderTest" name="submitorder" time="17.847"/>
  <testcase classname="rahulshettyacademy.tests.SubmitOrderTest" name="submitorder" time="14.657"/>
  <testcase classname="rahulshettyacademy.tests.SubmitOrderTest" name="OrderHistoryTest" time="1.689"/>
</testsuite> <!-- SubmitOrderTest -->
