<?xml version="1.0" encoding="UTF-8"?>
<!-- Generated by org.testng.reporters.JUnitXMLReporter -->
<testsuite ignored="1" hostname="LAPTOP-60OOO3EL" failures="0" tests="1" name="Error Validations Test" time="19.58" errors="0" timestamp="2024-08-14T21:45:37 PDT">
  <testcase classname="rahulshettyacademy.tests.ErrorValidationsTest" name="LoginErrorValidation" time="1.022"/>
  <testcase classname="rahulshettyacademy.tests.ErrorValidationsTest" name="ProductErrorValidation" time="0.0">
    <ignored/>
  </testcase> <!-- ProductErrorValidation -->
</testsuite> <!-- Error Validations Test -->
